<?xml version="1.0" encoding="UTF-8"?>
<!-- Generated by org.testng.reporters.JUnitReportReporter -->
<testsuite hostname="LAPTOP-NCUR2OHV" failures="0" tests="2" name="testNGXML.NewTest4" time="0.004" errors="0" timestamp="2024-07-20T13:52:18 IST" skipped="0">
  <testcase classname="testNGXML.NewTest4" name="j" time="0.002">
    <system-out>
      <![CDATA[j is running]]>
    </system-out>
  </testcase> <!-- j -->
  <testcase classname="testNGXML.NewTest4" name="k" time="0.002">
    <system-out>
      <![CDATA[k is running]]>
    </system-out>
  </testcase> <!-- k -->
  <system-out>
    <![CDATA[a is running
c is running
d is running
j is running
k is running]]>
  </system-out>
</testsuite> <!-- testNGXML.NewTest4 -->
