<?xml version="1.0" encoding="UTF-8"?>
<!-- Generated by org.testng.reporters.JUnitReportReporter -->
<testsuite hostname="LAPTOP-NCUR2OHV" failures="0" tests="3" name="testNGXML.NewTest" time="0.021" errors="0" timestamp="2024-07-20T13:48:32 IST" skipped="0">
  <testcase classname="testNGXML.NewTest" name="a" time="0.016">
    <system-out>
      <![CDATA[a is running]]>
    </system-out>
  </testcase> <!-- a -->
  <testcase classname="testNGXML.NewTest" name="b" time="0.002">
    <system-out>
      <![CDATA[b is running]]>
    </system-out>
  </testcase> <!-- b -->
  <testcase classname="testNGXML.NewTest" name="d" time="0.003">
    <system-out>
      <![CDATA[d is running]]>
    </system-out>
  </testcase> <!-- d -->
  <system-out>
    <![CDATA[a is running
b is running
d is running]]>
  </system-out>
</testsuite> <!-- testNGXML.NewTest -->
