<?xml version="1.0" encoding="UTF-8"?>
<!-- Generated by org.testng.reporters.JUnitReportReporter -->
<testsuite hostname="LAPTOP-NCUR2OHV" failures="0" tests="1" name="CBT.FbSignUp" time="10.806" errors="0" timestamp="2024-07-28T08:02:22 IST" skipped="0">
  <testcase classname="CBT.FbSignUp" name="f" time="10.806"/>
</testsuite> <!-- CBT.FbSignUp -->
