<?xml version="1.0" encoding="UTF-8"?>
<!-- Generated by org.testng.reporters.JUnitReportReporter -->
<testsuite hostname="LAPTOP-NCUR2OHV" failures="0" tests="2" name="CoverFoxTest.TestClass" time="0.114" errors="0" timestamp="2024-08-01T16:14:11 IST" skipped="0">
  <testcase classname="CoverFoxTest.TestClass" name="validateBanners" time="0.075">
    <system-out>
      <![CDATA[Validating the no of banners on result page]]>
    </system-out>
  </testcase> <!-- validateBanners -->
  <testcase classname="CoverFoxTest.TestClass" name="validatePresenceOfSortDropdown" time="0.039">
    <system-out>
      <![CDATA[Validating the presence of sort dropdown on result page]]>
    </system-out>
  </testcase> <!-- validatePresenceOfSortDropdown -->
  <system-out>
    <![CDATA[Launchig the browser
Click on get started
Click on next button
Select age
Click on next button
enter pincode
enter mobileNo
Click on Continue Btn
Validating the no of banners on result page
Validating the presence of sort dropdown on result page
Closing the browser]]>
  </system-out>
</testsuite> <!-- CoverFoxTest.TestClass -->
