<?xml version="1.0" encoding="UTF-8"?>
<!-- Generated by org.testng.reporters.JUnitReportReporter -->
<testsuite hostname="LAPTOP-NCUR2OHV" failures="0" tests="1" name="failedXML.failedTestXML" time="0.014" errors="0" timestamp="2024-07-27T02:25:37 IST" skipped="0">
  <testcase classname="failedXML.failedTestXML" name="a" time="0.014">
    <system-out>
      <![CDATA[a]]>
    </system-out>
  </testcase> <!-- a -->
  <system-out>
    <![CDATA[a]]>
  </system-out>
</testsuite> <!-- failedXML.failedTestXML -->
