<?xml version="1.0" encoding="UTF-8"?>
<!-- Generated by org.testng.reporters.JUnitReportReporter -->
<testsuite hostname="LAPTOP-NCUR2OHV" failures="0" tests="4" name="TestNGKeywords.MultipleKeywords" time="0.027" errors="0" timestamp="2024-07-19T08:00:11 IST" skipped="0">
  <testcase classname="TestNGKeywords.MultipleKeywords" name="b" time="0.016">
    <system-out>
      <![CDATA[b is running]]>
    </system-out>
  </testcase> <!-- b -->
  <testcase classname="TestNGKeywords.MultipleKeywords" name="b" time="0.002">
    <system-out>
      <![CDATA[b is running]]>
    </system-out>
  </testcase> <!-- b -->
  <testcase classname="TestNGKeywords.MultipleKeywords" name="c" time="0.002">
    <system-out>
      <![CDATA[c is running]]>
    </system-out>
  </testcase> <!-- c -->
  <testcase classname="TestNGKeywords.MultipleKeywords" name="a" time="0.007">
    <system-out>
      <![CDATA[a is running]]>
    </system-out>
  </testcase> <!-- a -->
  <system-out>
    <![CDATA[b is running
b is running
a is running
c is running]]>
  </system-out>
</testsuite> <!-- TestNGKeywords.MultipleKeywords -->
