<?xml version="1.0" encoding="UTF-8"?>
<!-- Generated by org.testng.reporters.JUnitReportReporter -->
<testsuite hostname="LAPTOP-NCUR2OHV" failures="0" tests="1" name="testNGStudy.NewTest" time="0.010" errors="0" timestamp="2024-07-18T16:47:49 IST" skipped="0">
  <testcase classname="testNGStudy.NewTest" name="f" time="0.010">
    <system-out>
      <![CDATA[Test method is runnning]]>
    </system-out>
  </testcase> <!-- f -->
  <system-out>
    <![CDATA[Before suite is running
Before test is running
Before class is running
Before method is running
Test method is runnning
After method is ruuning
After class is running
After test is running
After suite is running]]>
  </system-out>
</testsuite> <!-- testNGStudy.NewTest -->
