<?xml version="1.0" encoding="UTF-8"?>
<!-- Generated by org.testng.reporters.JUnitReportReporter -->
<testsuite hostname="LAPTOP-NCUR2OHV" failures="0" tests="1" name="dataProviders.FbSignUpUsingProperties" time="6.567" errors="0" timestamp="2024-07-28T08:07:58 IST" skipped="0">
  <testcase classname="dataProviders.FbSignUpUsingProperties" name="Test" time="6.567"/>
</testsuite> <!-- dataProviders.FbSignUpUsingProperties -->
