<?xml version="1.0" encoding="UTF-8"?>
<!-- Generated by org.testng.reporters.JUnitReportReporter -->
<testsuite hostname="LAPTOP-NCUR2OHV" failures="0" tests="4" name="testNGXML.NewTest3" time="0.019" errors="0" timestamp="2024-07-20T13:43:53 IST" skipped="0">
  <testcase classname="testNGXML.NewTest3" name="j" time="0.002">
    <system-out>
      <![CDATA[j is running]]>
    </system-out>
  </testcase> <!-- j -->
  <testcase classname="testNGXML.NewTest3" name="l" time="0.002">
    <system-out>
      <![CDATA[l is running]]>
    </system-out>
  </testcase> <!-- l -->
  <testcase classname="testNGXML.NewTest3" name="k" time="0.003">
    <system-out>
      <![CDATA[k is running]]>
    </system-out>
  </testcase> <!-- k -->
  <testcase classname="testNGXML.NewTest3" name="i" time="0.012">
    <system-out>
      <![CDATA[i is running]]>
    </system-out>
  </testcase> <!-- i -->
  <system-out>
    <![CDATA[i is running
j is running
k is running
l is running
e is running
f is running
g is running
h is running]]>
  </system-out>
</testsuite> <!-- testNGXML.NewTest3 -->
