<?xml version="1.0" encoding="UTF-8"?>
<!-- Generated by org.testng.reporters.JUnitReportReporter -->
<testsuite hostname="LAPTOP-NCUR2OHV" failures="0" tests="3" name="dataProviders.FBSignUp" time="25.616" errors="0" timestamp="2024-07-27T14:34:34 IST" skipped="0">
  <testcase classname="dataProviders.FBSignUp" name="Test" time="7.003"/>
  <testcase classname="dataProviders.FBSignUp" name="Test" time="7.998"/>
  <testcase classname="dataProviders.FBSignUp" name="Test" time="10.615"/>
</testsuite> <!-- dataProviders.FBSignUp -->
