<?xml version="1.0" encoding="UTF-8"?>
<!-- Generated by org.testng.reporters.JUnitReportReporter -->
<testsuite hostname="LAPTOP-NCUR2OHV" failures="0" tests="2" name="testNGStudy.MyClass" time="0.017" errors="0" timestamp="2024-07-15T19:27:29 IST" skipped="0">
  <testcase classname="testNGStudy.MyClass" name="f2" time="0.002">
    <system-out>
      <![CDATA[Good  evening
Good  night]]>
    </system-out>
  </testcase> <!-- f2 -->
  <testcase classname="testNGStudy.MyClass" name="f" time="0.015">
    <system-out>
      <![CDATA[Ayushi]]>
    </system-out>
  </testcase> <!-- f -->
  <system-out>
    <![CDATA[Ayushi
Good  evening
Good  night]]>
  </system-out>
</testsuite> <!-- testNGStudy.MyClass -->
