<?xml version="1.0" encoding="UTF-8"?>
<!-- Generated by org.testng.reporters.JUnitReportReporter -->
<testsuite hostname="LAPTOP-NCUR2OHV" failures="0" tests="2" name="testNGStudy.BeforeAfterMethod" time="0.012" errors="0" timestamp="2024-07-18T07:56:59 IST" skipped="0">
  <testcase classname="testNGStudy.BeforeAfterMethod" name="f1" time="0.007">
    <system-out>
      <![CDATA[Test Method2 is running]]>
    </system-out>
  </testcase> <!-- f1 -->
  <testcase classname="testNGStudy.BeforeAfterMethod" name="f" time="0.005">
    <system-out>
      <![CDATA[Test Method1 is running]]>
    </system-out>
  </testcase> <!-- f -->
  <system-out>
    <![CDATA[before method is running
Test Method1 is running
after method is running
before method is running
Test Method2 is running
after method is running]]>
  </system-out>
</testsuite> <!-- testNGStudy.BeforeAfterMethod -->
