<?xml version="1.0" encoding="UTF-8"?>
<!-- Generated by org.testng.reporters.JUnitReportReporter -->
<testsuite hostname="LAPTOP-NCUR2OHV" failures="0" tests="2" name="CoverFoxUsingPOMAndExcel.CoverFoxTcUsingTestNG" time="0.161" errors="0" timestamp="2024-07-31T21:26:09 IST" skipped="0">
  <testcase classname="CoverFoxUsingPOMAndExcel.CoverFoxTcUsingTestNG" name="Test" time="0.118"/>
  <testcase classname="CoverFoxUsingPOMAndExcel.CoverFoxTcUsingTestNG" name="Test2" time="0.043"/>
</testsuite> <!-- CoverFoxUsingPOMAndExcel.CoverFoxTcUsingTestNG -->
