<?xml version="1.0" encoding="UTF-8"?>
<!-- Generated by org.testng.reporters.JUnitReportReporter -->
<testsuite hostname="LAPTOP-NCUR2OHV" failures="0" tests="3" name="testNGXML.NewTest5" time="0.018" errors="0" timestamp="2024-07-20T13:52:18 IST" skipped="0">
  <testcase classname="testNGXML.NewTest5" name="d" time="0.001">
    <system-out>
      <![CDATA[d is running]]>
    </system-out>
  </testcase> <!-- d -->
  <testcase classname="testNGXML.NewTest5" name="a" time="0.015">
    <system-out>
      <![CDATA[a is running]]>
    </system-out>
  </testcase> <!-- a -->
  <testcase classname="testNGXML.NewTest5" name="c" time="0.002">
    <system-out>
      <![CDATA[c is running]]>
    </system-out>
  </testcase> <!-- c -->
  <system-out>
    <![CDATA[a is running
c is running
d is running
j is running
k is running]]>
  </system-out>
</testsuite> <!-- testNGXML.NewTest5 -->
