<?xml version="1.0" encoding="UTF-8"?>
<!-- Generated by org.testng.reporters.JUnitReportReporter -->
<testsuite hostname="LAPTOP-NCUR2OHV" failures="0" tests="4" name="testNGXML.NewTest2" time="0.032" errors="0" timestamp="2024-07-25T07:07:42 IST" skipped="0">
  <testcase classname="testNGXML.NewTest2" name="e" time="0.018">
    <system-out>
      <![CDATA[e is running]]>
    </system-out>
  </testcase> <!-- e -->
  <testcase classname="testNGXML.NewTest2" name="f" time="0.010">
    <system-out>
      <![CDATA[f is running]]>
    </system-out>
  </testcase> <!-- f -->
  <testcase classname="testNGXML.NewTest2" name="g" time="0.002">
    <system-out>
      <![CDATA[g is running]]>
    </system-out>
  </testcase> <!-- g -->
  <testcase classname="testNGXML.NewTest2" name="h" time="0.002">
    <system-out>
      <![CDATA[h is running]]>
    </system-out>
  </testcase> <!-- h -->
  <system-out>
    <![CDATA[e is running
f is running
g is running
h is running]]>
  </system-out>
</testsuite> <!-- testNGXML.NewTest2 -->
