<?xml version="1.0" encoding="UTF-8"?>
<!-- Generated by org.testng.reporters.JUnitReportReporter -->
<testsuite hostname="LAPTOP-NCUR2OHV" failures="0" tests="2" name="TestNGKeywords.Sample" time="0.020" errors="0" timestamp="2024-07-19T06:59:28 IST" skipped="0">
  <testcase classname="TestNGKeywords.Sample" name="a" time="0.002">
    <system-out>
      <![CDATA[Test method is running]]>
    </system-out>
  </testcase> <!-- a -->
  <testcase classname="TestNGKeywords.Sample" name="a" time="0.018">
    <system-out>
      <![CDATA[Test method is running]]>
    </system-out>
  </testcase> <!-- a -->
  <system-out>
    <![CDATA[Test method is running
Test method is running]]>
  </system-out>
</testsuite> <!-- TestNGKeywords.Sample -->
