<?xml version="1.0" encoding="UTF-8"?>
<!-- Generated by org.testng.reporters.JUnitReportReporter -->
<testsuite hostname="LAPTOP-NCUR2OHV" failures="0" tests="2" name="testNGStudy.BeforeAfterClass" time="0.012" errors="0" timestamp="2024-07-15T19:39:28 IST" skipped="0">
  <testcase classname="testNGStudy.BeforeAfterClass" name="f" time="0.010">
    <system-out>
      <![CDATA[Test1 is running]]>
    </system-out>
  </testcase> <!-- f -->
  <testcase classname="testNGStudy.BeforeAfterClass" name="f1" time="0.002">
    <system-out>
      <![CDATA[Test2 is ruuning]]>
    </system-out>
  </testcase> <!-- f1 -->
  <system-out>
    <![CDATA[Before Class is running
Before method is ruuning
Test1 is running
After method is ruuning
Before method is ruuning
Test2 is ruuning
After method is ruuning
After Class is running]]>
  </system-out>
</testsuite> <!-- testNGStudy.BeforeAfterClass -->
