<?xml version="1.0" encoding="UTF-8"?>
<!-- Generated by org.testng.reporters.JUnitReportReporter -->
<testsuite hostname="LAPTOP-NCUR2OHV" failures="0" tests="2" name="CoverFoxUsingPOMAndExcel.CoverFoxTcReadingDataFromProperties" time="0.072" errors="0" timestamp="2024-07-31T21:55:35 IST" skipped="0">
  <testcase classname="CoverFoxUsingPOMAndExcel.CoverFoxTcReadingDataFromProperties" name="validateErrorMsgOfMobNo" time="0.045"/>
  <testcase classname="CoverFoxUsingPOMAndExcel.CoverFoxTcReadingDataFromProperties" name="validateErrorMsgOfPinCode" time="0.027"/>
</testsuite> <!-- CoverFoxUsingPOMAndExcel.CoverFoxTcReadingDataFromProperties -->
