<?xml version="1.0" encoding="UTF-8"?>
<!-- Generated by org.testng.reporters.JUnitReportReporter -->
<testsuite hostname="LAPTOP-NCUR2OHV" failures="0" tests="6" name="dataProviders.FbSignUpExcel" time="77.284" errors="0" timestamp="2024-08-01T17:27:33 IST" skipped="0">
  <testcase classname="dataProviders.FbSignUpExcel" name="test" time="11.433"/>
  <testcase classname="dataProviders.FbSignUpExcel" name="test" time="15.050"/>
  <testcase classname="dataProviders.FbSignUpExcel" name="test" time="23.823"/>
  <testcase classname="dataProviders.FbSignUpExcel" name="test" time="10.430"/>
  <testcase classname="dataProviders.FbSignUpExcel" name="test" time="9.565"/>
  <testcase classname="dataProviders.FbSignUpExcel" name="test" time="6.983"/>
</testsuite> <!-- dataProviders.FbSignUpExcel -->
