<?xml version="1.0" encoding="UTF-8"?>
<!-- Generated by org.testng.reporters.JUnitReportReporter -->
<testsuite hostname="LAPTOP-NCUR2OHV" failures="0" tests="1" name="testNGXML.Facebook" time="6.199" errors="0" timestamp="2024-07-24T23:28:23 IST" skipped="0">
  <testcase classname="testNGXML.Facebook" name="b" time="6.199"/>
</testsuite> <!-- testNGXML.Facebook -->
