<?xml version="1.0" encoding="UTF-8"?>
<!-- Generated by org.testng.reporters.JUnitReportReporter -->
<testsuite hostname="LAPTOP-NCUR2OHV" failures="0" tests="2" name="CoverFoxUsingPOMAndExcel.CoverFoxUsingTestNGMobNoANDPinCodeValidate" time="0.066" errors="0" timestamp="2024-07-31T21:26:09 IST" skipped="0">
  <testcase classname="CoverFoxUsingPOMAndExcel.CoverFoxUsingTestNGMobNoANDPinCodeValidate" name="validateErrorMsgOfMobNo" time="0.035"/>
  <testcase classname="CoverFoxUsingPOMAndExcel.CoverFoxUsingTestNGMobNoANDPinCodeValidate" name="validateErrorMsgOfPinCode" time="0.031"/>
</testsuite> <!-- CoverFoxUsingPOMAndExcel.CoverFoxUsingTestNGMobNoANDPinCodeValidate -->
