<?xml version="1.0" encoding="UTF-8"?>
<!-- Generated by org.testng.reporters.JUnitReportReporter -->
<testsuite hostname="LAPTOP-NCUR2OHV" failures="0" tests="1" name="testNGStudy.Aclass" time="0.011" errors="0" timestamp="2024-07-27T02:23:52 IST" skipped="0">
  <testcase classname="testNGStudy.Aclass" name="f" time="0.011">
    <system-out>
      <![CDATA[HII
Pja
Pja]]>
    </system-out>
  </testcase> <!-- f -->
  <system-out>
    <![CDATA[HII
Pja
Pja]]>
  </system-out>
</testsuite> <!-- testNGStudy.Aclass -->
