<?xml version="1.0" encoding="UTF-8"?>
<!-- Generated by org.testng.reporters.JUnitReportReporter -->
<testsuite hostname="LAPTOP-NCUR2OHV" failures="0" tests="4" name="TestNGKeywords.TestNGSample1" time="0.019" errors="0" timestamp="2024-07-19T07:09:32 IST" skipped="0">
  <testcase classname="TestNGKeywords.TestNGSample1" name="d" time="0.014">
    <system-out>
      <![CDATA[d is running]]>
    </system-out>
  </testcase> <!-- d -->
  <testcase classname="TestNGKeywords.TestNGSample1" name="a" time="0.002">
    <system-out>
      <![CDATA[a is running]]>
    </system-out>
  </testcase> <!-- a -->
  <testcase classname="TestNGKeywords.TestNGSample1" name="b" time="0.002">
    <system-out>
      <![CDATA[b is running]]>
    </system-out>
  </testcase> <!-- b -->
  <testcase classname="TestNGKeywords.TestNGSample1" name="c" time="0.001">
    <system-out>
      <![CDATA[c is running]]>
    </system-out>
  </testcase> <!-- c -->
  <system-out>
    <![CDATA[d is running
a is running
b is running
c is running]]>
  </system-out>
</testsuite> <!-- TestNGKeywords.TestNGSample1 -->
