<?xml version="1.0" encoding="UTF-8"?>
<!-- Generated by org.testng.reporters.JUnitReportReporter -->
<testsuite hostname="LAPTOP-NCUR2OHV" failures="0" tests="4" name="TestNGKeywords.EnabledTest" time="0.021" errors="0" timestamp="2024-07-25T07:13:18 IST" skipped="1">
  <testcase classname="TestNGKeywords.EnabledTest" name="a" time="0.016">
    <system-out>
      <![CDATA[a is running]]>
    </system-out>
  </testcase> <!-- a -->
  <testcase classname="TestNGKeywords.EnabledTest" name="b" time="0.003">
    <system-out>
      <![CDATA[b is running]]>
    </system-out>
  </testcase> <!-- b -->
  <testcase classname="TestNGKeywords.EnabledTest" name="d" time="0.002">
    <system-out>
      <![CDATA[d is running]]>
    </system-out>
  </testcase> <!-- d -->
  <testcase classname="TestNGKeywords.EnabledTest" name="c">
    <skipped/>
  </testcase> <!-- c -->
  <system-out>
    <![CDATA[a is running
b is running
d is running]]>
  </system-out>
</testsuite> <!-- TestNGKeywords.EnabledTest -->
