<?xml version="1.0" encoding="UTF-8"?>
<!-- Generated by org.testng.reporters.JUnitReportReporter -->
<testsuite hostname="LAPTOP-NCUR2OHV" failures="0" tests="1" name="testNGXML.Amazon" time="9.322" errors="0" timestamp="2024-07-24T23:28:23 IST" skipped="0">
  <testcase classname="testNGXML.Amazon" name="a" time="9.322"/>
</testsuite> <!-- testNGXML.Amazon -->
